<?xml version="1.0" encoding="UTF-8"?>
<coverage generated="1754320795372" clover="3.2.0">
  <project timestamp="1754320795372" name="All files">
    <metrics statements="8" coveredstatements="0" conditionals="8" coveredconditionals="0" methods="1" coveredmethods="0" elements="17" coveredelements="0" complexity="0" loc="8" ncloc="8" packages="1" files="1" classes="1"/>
    <file name="webpack.config.ts" path="C:\Users\user\Desktop\learning\blog\frontend\webpack.config.ts">
      <metrics statements="8" coveredstatements="0" conditionals="8" coveredconditionals="0" methods="1" coveredmethods="0"/>
      <line num="9" count="0" type="stmt"/>
      <line num="18" count="0" type="cond" truecount="0" falsecount="2"/>
      <line num="19" count="0" type="stmt"/>
      <line num="20" count="0" type="cond" truecount="0" falsecount="2"/>
      <line num="21" count="0" type="cond" truecount="0" falsecount="2"/>
      <line num="22" count="0" type="cond" truecount="0" falsecount="2"/>
      <line num="24" count="0" type="stmt"/>
      <line num="33" count="0" type="stmt"/>
    </file>
  </project>
</coverage>
