{"C:\\Users\\user\\Desktop\\learning\\blog\\frontend\\webpack.config.ts": {"path":"C:\\Users\\user\\Desktop\\learning\\blog\\frontend\\webpack.config.ts","statementMap":{"0":{"start":{"line":9,"column":28},"end":{"line":16,"column":3}},"1":{"start":{"line":18,"column":15},"end":{"line":18,"column":40}},"2":{"start":{"line":19,"column":16},"end":{"line":19,"column":38}},"3":{"start":{"line":20,"column":15},"end":{"line":20,"column":31}},"4":{"start":{"line":21,"column":18},"end":{"line":21,"column":38}},"5":{"start":{"line":22,"column":20},"end":{"line":22,"column":61}},"6":{"start":{"line":24,"column":40},"end":{"line":32,"column":4}},"7":{"start":{"line":33,"column":2},"end":{"line":33,"column":16}}},"fnMap":{"0":{"name":"(anonymous_0)","decl":{"start":{"line":8,"column":15},"end":{"line":8,"column":16}},"loc":{"start":{"line":8,"column":34},"end":{"line":34,"column":1}},"line":8}},"branchMap":{"0":{"loc":{"start":{"line":18,"column":15},"end":{"line":18,"column":40}},"type":"binary-expr","locations":[{"start":{"line":18,"column":15},"end":{"line":18,"column":23}},{"start":{"line":18,"column":27},"end":{"line":18,"column":40}}],"line":18},"1":{"loc":{"start":{"line":20,"column":15},"end":{"line":20,"column":31}},"type":"binary-expr","locations":[{"start":{"line":20,"column":15},"end":{"line":20,"column":23}},{"start":{"line":20,"column":27},"end":{"line":20,"column":31}}],"line":20},"2":{"loc":{"start":{"line":21,"column":18},"end":{"line":21,"column":38}},"type":"binary-expr","locations":[{"start":{"line":21,"column":18},"end":{"line":21,"column":29}},{"start":{"line":21,"column":33},"end":{"line":21,"column":38}}],"line":21},"3":{"loc":{"start":{"line":22,"column":20},"end":{"line":22,"column":61}},"type":"binary-expr","locations":[{"start":{"line":22,"column":20},"end":{"line":22,"column":34}},{"start":{"line":22,"column":38},"end":{"line":22,"column":61}}],"line":22}},"s":{"0":0,"1":0,"2":0,"3":0,"4":0,"5":0,"6":0,"7":0},"f":{"0":0},"b":{"0":[0,0],"1":[0,0],"2":[0,0],"3":[0,0]}}
}
